<?xml version="1.0" encoding="UTF-8"?>
<!-- Generated by org.testng.reporters.JUnitXMLReporter -->
<testsuite hostname="EPINHYDW0743" ignored="0" name="Test" tests="5" failures="0" timestamp="12 May 2017 11:23:48 GMT" time="0.369" errors="0">
  <testcase name="@BeforeMethod setup" time="0.0" classname="com.epam.github.test.ConfigurationTest">
    <failure type="org.openqa.selenium.SessionNotCreatedException" message="Unable to create new remote session. desired capabilities = Capabilities [{marionette=true, browserName=firefox, version=, platform=WIN10}], required capabilities = Capabilities [{}]
Build info: version: &amp;apos;3.3.0&amp;apos;, revision: &amp;apos;b526bd5b41&amp;apos;, time: &amp;apos;2017-03-07 19:26:04 +0000&amp;apos;
System info: host: &amp;apos;EPINHYDW0743&amp;apos;, ip: &amp;apos;10.71.12.142&amp;apos;, os.name: &amp;apos;Windows 10&amp;apos;, os.arch: &amp;apos;amd64&amp;apos;, os.version: &amp;apos;10.0&amp;apos;, java.version: &amp;apos;1.8.0_60&amp;apos;
Driver info: driver.version: RemoteWebDriver">
      <![CDATA[org.openqa.selenium.SessionNotCreatedException: Unable to create new remote session. desired capabilities = Capabilities [{marionette=true, browserName=firefox, version=, platform=WIN10}], required capabilities = Capabilities [{}]
Build info: version: '3.3.0', revision: 'b526bd5b41', time: '2017-03-07 19:26:04 +0000'
System info: host: 'EPINHYDW0743', ip: '10.71.12.142', os.name: 'Windows 10', os.arch: 'amd64', os.version: '10.0', java.version: '1.8.0_60'
Driver info: driver.version: RemoteWebDriver
	at org.openqa.selenium.remote.ProtocolHandshake.createSession(ProtocolHandshake.java:126)
	at org.openqa.selenium.remote.HttpCommandExecutor.execute(HttpCommandExecutor.java:141)
	at org.openqa.selenium.remote.RemoteWebDriver.execute(RemoteWebDriver.java:604)
	at org.openqa.selenium.remote.RemoteWebDriver.startSession(RemoteWebDriver.java:244)
	at org.openqa.selenium.remote.RemoteWebDriver.<init>(RemoteWebDriver.java:131)
	at org.openqa.selenium.remote.RemoteWebDriver.<init>(RemoteWebDriver.java:158)
	at com.epam.github.test.ConfigurationTest.setup(ConfigurationTest.java:32)
... Removed 27 stack frames]]>
    </failure>
  </testcase> <!-- @BeforeMethod setup -->
  <testcase name="@AfterMethod teardown" time="0.0" classname="com.epam.github.test.ConfigurationTest">
    <skipped/>
  </testcase> <!-- @AfterMethod teardown -->
  <testcase name="@BeforeMethod setup" time="0.0" classname="com.epam.github.test.ConfigurationTest">
    <skipped/>
  </testcase> <!-- @BeforeMethod setup -->
  <testcase name="@AfterMethod teardown" time="0.0" classname="com.epam.github.test.ConfigurationTest">
    <skipped/>
  </testcase> <!-- @AfterMethod teardown -->
  <testcase name="@BeforeMethod setup" time="0.0" classname="com.epam.github.test.ConfigurationTest">
    <skipped/>
  </testcase> <!-- @BeforeMethod setup -->
  <testcase name="@AfterMethod teardown" time="0.0" classname="com.epam.github.test.ConfigurationTest">
    <skipped/>
  </testcase> <!-- @AfterMethod teardown -->
  <testcase name="@BeforeMethod setup" time="0.0" classname="com.epam.github.test.ConfigurationTest">
    <skipped/>
  </testcase> <!-- @BeforeMethod setup -->
  <testcase name="@AfterMethod teardown" time="0.0" classname="com.epam.github.test.ConfigurationTest">
    <skipped/>
  </testcase> <!-- @AfterMethod teardown -->
  <testcase name="@BeforeMethod setup" time="0.0" classname="com.epam.github.test.ConfigurationTest">
    <skipped/>
  </testcase> <!-- @BeforeMethod setup -->
  <testcase name="@AfterMethod teardown" time="0.0" classname="com.epam.github.test.ConfigurationTest">
    <skipped/>
  </testcase> <!-- @AfterMethod teardown -->
  <testcase name="launchGitHUbTest" time="0.001" classname="com.epam.github.test.GitHubTest">
    <skipped/>
  </testcase> <!-- launchGitHUbTest -->
  <testcase name="LoginTest" time="0.001" classname="com.epam.github.test.GitHubTest">
    <skipped/>
  </testcase> <!-- LoginTest -->
  <testcase name="UpdateProfileTest" time="0.0" classname="com.epam.github.test.GitHubTest">
    <skipped/>
  </testcase> <!-- UpdateProfileTest -->
  <testcase name="javaScriptExecuterTest" time="0.001" classname="com.epam.github.test.GitHubTest">
    <skipped/>
  </testcase> <!-- javaScriptExecuterTest -->
  <testcase name="logOutTest" time="0.0" classname="com.epam.github.test.GitHubTest">
    <skipped/>
  </testcase> <!-- logOutTest -->
</testsuite> <!-- Test -->
