<!DOCTYPE html PUBLIC "-//W3C//DTD XHTML 1.1//EN" "http://www.w3.org/TR/xhtml11/DTD/xhtml11.dtd">
<html xmlns="http://www.w3.org/1999/xhtml"><head><title>TestNG Report</title><style type="text/css">table {margin-bottom:10px;border-collapse:collapse;empty-cells:show}th,td {border:1px solid #009;padding:.25em .5em}th {vertical-align:bottom}td {vertical-align:top}table a {font-weight:bold}.stripe td {background-color: #E6EBF9}.num {text-align:right}.passedodd td {background-color: #3F3}.passedeven td {background-color: #0A0}.skippedodd td {background-color: #DDD}.skippedeven td {background-color: #CCC}.failedodd td,.attn {background-color: #F33}.failedeven td,.stripe .attn {background-color: #D00}.stacktrace {white-space:pre;font-family:monospace}.totop {font-size:85%;text-align:center;border-bottom:2px solid #000}</style></head><body><table><tr><th>Test</th><th># Passed</th><th># Skipped</th><th># Failed</th><th>Time (ms)</th><th>Included Groups</th><th>Excluded Groups</th></tr><tr><th colspan="7">Command line suite</th></tr><tr><td><a href="#t0">Command line test</a></td><td class="num">1</td><td class="num attn">29</td><td class="num">0</td><td class="num">10,965</td><td></td><td></td></tr></table><table><thead><tr><th>Class</th><th>Method</th><th>Start</th><th>Time (ms)</th></tr></thead><tbody><tr><th colspan="4">Command line suite</th></tr></tbody><tbody id="t0"><tr><th colspan="4">Command line test &#8212; skipped</th></tr><tr class="skippedeven"><td rowspan="3">functional.AdminLiveTest</td><td><a href="#m0">selectAndDeleteSportGrid</a></td><td rowspan="1">1480401572741</td><td rowspan="1">0</td></tr><tr class="skippedeven"><td><a href="#m1">verifyAddNewLivePopUp</a></td><td rowspan="1">1480401572743</td><td rowspan="1">0</td></tr><tr class="skippedeven"><td><a href="#m2">verifyLiveLink</a></td><td rowspan="1">1480401572743</td><td rowspan="1">0</td></tr><tr class="skippedodd"><td rowspan="6">functional.AdminNotificationGridTest</td><td><a href="#m3">selectAndDeleteNotificationGridTest</a></td><td rowspan="1">1480401572744</td><td rowspan="1">0</td></tr><tr class="skippedodd"><td><a href="#m4">verifyAddAndCloseNotificationPopUp</a></td><td rowspan="1">1480401572745</td><td rowspan="1">0</td></tr><tr class="skippedodd"><td><a href="#m5">verifyAddNewDepartmentPopUp</a></td><td rowspan="1">1480401572745</td><td rowspan="1">0</td></tr><tr class="skippedodd"><td><a href="#m6">verifyAddNewNotificationPopUpFunctionalityForGeneral</a></td><td rowspan="1">1480401572746</td><td rowspan="1">0</td></tr><tr class="skippedodd"><td><a href="#m7">verifyAddNewNotificationPopUpFunctionalityForMandatory</a></td><td rowspan="1">1480401572746</td><td rowspan="1">0</td></tr><tr class="skippedodd"><td><a href="#m8">verifyAdminNotificationLink</a></td><td rowspan="1">1480401573763</td><td rowspan="1">0</td></tr><tr class="skippedeven"><td rowspan="1">functional.EmpGeneralTest</td><td><a href="#m9">liveLink</a></td><td rowspan="1">1480401573763</td><td rowspan="1">0</td></tr><tr class="skippedodd"><td rowspan="2">functional.EmployeeEventTest</td><td><a href="#m10">clickEvent</a></td><td rowspan="1">1480401573764</td><td rowspan="1">0</td></tr><tr class="skippedodd"><td><a href="#m11">verifyEventLink</a></td><td rowspan="1">1480401573765</td><td rowspan="1">0</td></tr><tr class="skippedeven"><td rowspan="2">functional.EmployeeLandingPageTest</td><td><a href="#m12">verifyEmployeeLandingPage</a></td><td rowspan="1">1480401573765</td><td rowspan="1">0</td></tr><tr class="skippedeven"><td><a href="#m13">verifyMenuBarLinks</a></td><td rowspan="1">1480401573765</td><td rowspan="1">0</td></tr><tr class="skippedodd"><td rowspan="6">functional.EventTest</td><td><a href="#m14">EventLink</a></td><td rowspan="1">1480401573766</td><td rowspan="1">0</td></tr><tr class="skippedodd"><td><a href="#m15">Sort</a></td><td rowspan="1">1480401573766</td><td rowspan="1">0</td></tr><tr class="skippedodd"><td><a href="#m16">addNewPopUp</a></td><td rowspan="1">1480401573767</td><td rowspan="1">0</td></tr><tr class="skippedodd"><td><a href="#m17">addingDescriptionPopUp</a></td><td rowspan="1">1480401573767</td><td rowspan="1">0</td></tr><tr class="skippedodd"><td><a href="#m18">selectAndDeleteGrid</a></td><td rowspan="1">1480401573768</td><td rowspan="1">0</td></tr><tr class="skippedodd"><td><a href="#m19">selectEventGrid</a></td><td rowspan="1">1480401573768</td><td rowspan="1">0</td></tr><tr class="skippedeven"><td rowspan="5">functional.LoginTest</td><td><a href="#m20">loginWithInvalidCredentials</a></td><td rowspan="1">1480401573769</td><td rowspan="1">0</td></tr><tr class="skippedeven"><td><a href="#m21">loginWithValidCredentials</a></td><td rowspan="1">1480401573769</td><td rowspan="1">0</td></tr><tr class="skippedeven"><td><a href="#m22">logoutTestSuccessfull</a></td><td rowspan="1">1480401573769</td><td rowspan="1">0</td></tr><tr class="skippedeven"><td><a href="#m23">resetBtnTest</a></td><td rowspan="1">1480401573770</td><td rowspan="1">0</td></tr><tr class="skippedeven"><td><a href="#m24">submitBtnTest</a></td><td rowspan="1">1480401573770</td><td rowspan="1">0</td></tr><tr class="skippedodd"><td rowspan="3">functional.UserGeneralTest</td><td><a href="#m25">GeneralLink</a></td><td rowspan="1">1480401573771</td><td rowspan="1">0</td></tr><tr class="skippedodd"><td><a href="#m26">GeneralNotice</a></td><td rowspan="1">1480401573771</td><td rowspan="1">0</td></tr><tr class="skippedodd"><td><a href="#m27">GeneralRadio</a></td><td rowspan="1">1480401573772</td><td rowspan="1">0</td></tr><tr class="skippedeven"><td rowspan="1">functional.UserMandatoryTest</td><td><a href="#m28">mandatoryLink</a></td><td rowspan="1">1480401573772</td><td rowspan="1">0</td></tr><tr><th colspan="4">Command line test &#8212; passed</th></tr><tr class="passedeven"><td rowspan="1">functional.AdminNotificationGridTest</td><td><a href="#m29">verifyAdminNotification</a></td><td rowspan="1">1480401572751</td><td rowspan="1">1010</td></tr></tbody></table><h2>Command line test</h2><h3 id="m0">functional.AdminLiveTest#selectAndDeleteSportGrid</h3><table class="result"><tr><th>Exception</th></tr><tr><td><div class="stacktrace">org.testng.TestNGException: 
Parameter &apos;email&apos; is required by @Test on method selectAndDeleteSportGrid but has not been marked @Optional or defined

... Removed 32 stack frames</div></td></tr></table><p class="totop"><a href="#summary">back to summary</a></p><h3 id="m1">functional.AdminLiveTest#verifyAddNewLivePopUp</h3><table class="result"><tr><th>Exception</th></tr><tr><td><div class="stacktrace">org.testng.TestNGException: 
Parameter &apos;email&apos; is required by @Test on method verifyAddNewLivePopUp but has not been marked @Optional or defined

... Removed 32 stack frames</div></td></tr></table><p class="totop"><a href="#summary">back to summary</a></p><h3 id="m2">functional.AdminLiveTest#verifyLiveLink</h3><table class="result"><tr><th>Exception</th></tr><tr><td><div class="stacktrace">org.testng.TestNGException: 
Parameter &apos;email&apos; is required by @Test on method verifyLiveLink but has not been marked @Optional or defined

... Removed 32 stack frames</div></td></tr></table><p class="totop"><a href="#summary">back to summary</a></p><h3 id="m3">functional.AdminNotificationGridTest#selectAndDeleteNotificationGridTest</h3><table class="result"><tr><th>Exception</th></tr><tr><td><div class="stacktrace">org.testng.TestNGException: 
Parameter &apos;email&apos; is required by @Test on method selectAndDeleteNotificationGridTest but has not been marked @Optional or defined

... Removed 32 stack frames</div></td></tr></table><p class="totop"><a href="#summary">back to summary</a></p><h3 id="m4">functional.AdminNotificationGridTest#verifyAddAndCloseNotificationPopUp</h3><table class="result"><tr><th>Exception</th></tr><tr><td><div class="stacktrace">org.testng.TestNGException: 
Parameter &apos;email&apos; is required by @Test on method verifyAddAndCloseNotificationPopUp but has not been marked @Optional or defined

... Removed 32 stack frames</div></td></tr></table><p class="totop"><a href="#summary">back to summary</a></p><h3 id="m5">functional.AdminNotificationGridTest#verifyAddNewDepartmentPopUp</h3><table class="result"><tr><th>Exception</th></tr><tr><td><div class="stacktrace">org.testng.TestNGException: 
Parameter &apos;email&apos; is required by @Test on method verifyAddNewDepartmentPopUp but has not been marked @Optional or defined

... Removed 32 stack frames</div></td></tr></table><p class="totop"><a href="#summary">back to summary</a></p><h3 id="m6">functional.AdminNotificationGridTest#verifyAddNewNotificationPopUpFunctionalityForGeneral</h3><table class="result"><tr><th>Exception</th></tr><tr><td><div class="stacktrace">org.testng.TestNGException: 
Parameter &apos;email&apos; is required by @Test on method verifyAddNewNotificationPopUpFunctionalityForGeneral but has not been marked @Optional or defined

... Removed 32 stack frames</div></td></tr></table><p class="totop"><a href="#summary">back to summary</a></p><h3 id="m7">functional.AdminNotificationGridTest#verifyAddNewNotificationPopUpFunctionalityForMandatory</h3><table class="result"><tr><th>Exception</th></tr><tr><td><div class="stacktrace">org.testng.TestNGException: 
Parameter &apos;email&apos; is required by @Test on method verifyAddNewNotificationPopUpFunctionalityForMandatory but has not been marked @Optional or defined

... Removed 32 stack frames</div></td></tr></table><p class="totop"><a href="#summary">back to summary</a></p><h3 id="m8">functional.AdminNotificationGridTest#verifyAdminNotificationLink</h3><table class="result"><tr><th>Exception</th></tr><tr><td><div class="stacktrace">org.testng.TestNGException: 
Parameter &apos;email&apos; is required by @Test on method verifyAdminNotificationLink but has not been marked @Optional or defined

... Removed 32 stack frames</div></td></tr></table><p class="totop"><a href="#summary">back to summary</a></p><h3 id="m9">functional.EmpGeneralTest#liveLink</h3><table class="result"><tr><th>Exception</th></tr><tr><td><div class="stacktrace">org.testng.TestNGException: 
Parameter &apos;email&apos; is required by @Test on method liveLink but has not been marked @Optional or defined

... Removed 32 stack frames</div></td></tr></table><p class="totop"><a href="#summary">back to summary</a></p><h3 id="m10">functional.EmployeeEventTest#clickEvent</h3><table class="result"><tr><th>Exception</th></tr><tr><td><div class="stacktrace">org.testng.TestNGException: 
Parameter &apos;email&apos; is required by @Test on method clickEvent but has not been marked @Optional or defined

... Removed 32 stack frames</div></td></tr></table><p class="totop"><a href="#summary">back to summary</a></p><h3 id="m11">functional.EmployeeEventTest#verifyEventLink</h3><table class="result"><tr><th>Exception</th></tr><tr><td><div class="stacktrace">org.testng.TestNGException: 
Parameter &apos;email&apos; is required by @Test on method verifyEventLink but has not been marked @Optional or defined

... Removed 32 stack frames</div></td></tr></table><p class="totop"><a href="#summary">back to summary</a></p><h3 id="m12">functional.EmployeeLandingPageTest#verifyEmployeeLandingPage</h3><table class="result"><tr><th>Exception</th></tr><tr><td><div class="stacktrace">org.testng.TestNGException: 
Parameter &apos;email&apos; is required by @Test on method verifyEmployeeLandingPage but has not been marked @Optional or defined

... Removed 32 stack frames</div></td></tr></table><p class="totop"><a href="#summary">back to summary</a></p><h3 id="m13">functional.EmployeeLandingPageTest#verifyMenuBarLinks</h3><table class="result"><tr><th>Exception</th></tr><tr><td><div class="stacktrace">org.testng.TestNGException: 
Parameter &apos;email&apos; is required by @Test on method verifyMenuBarLinks but has not been marked @Optional or defined

... Removed 32 stack frames</div></td></tr></table><p class="totop"><a href="#summary">back to summary</a></p><h3 id="m14">functional.EventTest#EventLink</h3><table class="result"><tr><th>Exception</th></tr><tr><td><div class="stacktrace">org.testng.TestNGException: 
Parameter &apos;email&apos; is required by @Test on method EventLink but has not been marked @Optional or defined

... Removed 32 stack frames</div></td></tr></table><p class="totop"><a href="#summary">back to summary</a></p><h3 id="m15">functional.EventTest#Sort</h3><table class="result"><tr><th>Exception</th></tr><tr><td><div class="stacktrace">org.testng.TestNGException: 
Parameter &apos;email&apos; is required by @Test on method Sort but has not been marked @Optional or defined

... Removed 32 stack frames</div></td></tr></table><p class="totop"><a href="#summary">back to summary</a></p><h3 id="m16">functional.EventTest#addNewPopUp</h3><table class="result"><tr><th>Exception</th></tr><tr><td><div class="stacktrace">org.testng.TestNGException: 
Parameter &apos;email&apos; is required by @Test on method addNewPopUp but has not been marked @Optional or defined

... Removed 32 stack frames</div></td></tr></table><p class="totop"><a href="#summary">back to summary</a></p><h3 id="m17">functional.EventTest#addingDescriptionPopUp</h3><table class="result"><tr><th>Exception</th></tr><tr><td><div class="stacktrace">org.testng.TestNGException: 
Parameter &apos;email&apos; is required by @Test on method addingDescriptionPopUp but has not been marked @Optional or defined

... Removed 32 stack frames</div></td></tr></table><p class="totop"><a href="#summary">back to summary</a></p><h3 id="m18">functional.EventTest#selectAndDeleteGrid</h3><table class="result"><tr><th>Exception</th></tr><tr><td><div class="stacktrace">org.testng.TestNGException: 
Parameter &apos;email&apos; is required by @Test on method selectAndDeleteGrid but has not been marked @Optional or defined

... Removed 32 stack frames</div></td></tr></table><p class="totop"><a href="#summary">back to summary</a></p><h3 id="m19">functional.EventTest#selectEventGrid</h3><table class="result"><tr><th>Exception</th></tr><tr><td><div class="stacktrace">org.testng.TestNGException: 
Parameter &apos;email&apos; is required by @Test on method selectEventGrid but has not been marked @Optional or defined

... Removed 32 stack frames</div></td></tr></table><p class="totop"><a href="#summary">back to summary</a></p><h3 id="m20">functional.LoginTest#loginWithInvalidCredentials</h3><table class="result"><tr><th>Exception</th></tr><tr><td><div class="stacktrace">org.testng.TestNGException: 
Parameter &apos;email&apos; is required by @Test on method loginWithInvalidCredentials but has not been marked @Optional or defined

... Removed 32 stack frames</div></td></tr></table><p class="totop"><a href="#summary">back to summary</a></p><h3 id="m21">functional.LoginTest#loginWithValidCredentials</h3><table class="result"><tr><th>Exception</th></tr><tr><td><div class="stacktrace">org.testng.TestNGException: 
Parameter &apos;email&apos; is required by @Test on method loginWithValidCredentials but has not been marked @Optional or defined

... Removed 32 stack frames</div></td></tr></table><p class="totop"><a href="#summary">back to summary</a></p><h3 id="m22">functional.LoginTest#logoutTestSuccessfull</h3><table class="result"><tr><th>Exception</th></tr><tr><td><div class="stacktrace">org.testng.TestNGException: 
Parameter &apos;email&apos; is required by @Test on method logoutTestSuccessfull but has not been marked @Optional or defined

... Removed 32 stack frames</div></td></tr></table><p class="totop"><a href="#summary">back to summary</a></p><h3 id="m23">functional.LoginTest#resetBtnTest</h3><table class="result"><tr><th>Exception</th></tr><tr><td><div class="stacktrace">org.testng.TestNGException: 
Parameter &apos;email&apos; is required by @Test on method resetBtnTest but has not been marked @Optional or defined

... Removed 32 stack frames</div></td></tr></table><p class="totop"><a href="#summary">back to summary</a></p><h3 id="m24">functional.LoginTest#submitBtnTest</h3><table class="result"><tr><th>Exception</th></tr><tr><td><div class="stacktrace">org.testng.TestNGException: 
Parameter &apos;email&apos; is required by @Test on method submitBtnTest but has not been marked @Optional or defined

... Removed 32 stack frames</div></td></tr></table><p class="totop"><a href="#summary">back to summary</a></p><h3 id="m25">functional.UserGeneralTest#GeneralLink</h3><table class="result"><tr><th>Exception</th></tr><tr><td><div class="stacktrace">org.testng.TestNGException: 
Parameter &apos;email&apos; is required by @Test on method GeneralLink but has not been marked @Optional or defined

... Removed 32 stack frames</div></td></tr></table><p class="totop"><a href="#summary">back to summary</a></p><h3 id="m26">functional.UserGeneralTest#GeneralNotice</h3><table class="result"><tr><th>Exception</th></tr><tr><td><div class="stacktrace">org.testng.TestNGException: 
Parameter &apos;email&apos; is required by @Test on method GeneralNotice but has not been marked @Optional or defined

... Removed 32 stack frames</div></td></tr></table><p class="totop"><a href="#summary">back to summary</a></p><h3 id="m27">functional.UserGeneralTest#GeneralRadio</h3><table class="result"><tr><th>Exception</th></tr><tr><td><div class="stacktrace">org.testng.TestNGException: 
Parameter &apos;email&apos; is required by @Test on method GeneralRadio but has not been marked @Optional or defined

... Removed 32 stack frames</div></td></tr></table><p class="totop"><a href="#summary">back to summary</a></p><h3 id="m28">functional.UserMandatoryTest#mandatoryLink</h3><table class="result"><tr><th>Exception</th></tr><tr><td><div class="stacktrace">org.testng.TestNGException: 
Parameter &apos;email&apos; is required by @Test on method mandatoryLink but has not been marked @Optional or defined

... Removed 32 stack frames</div></td></tr></table><p class="totop"><a href="#summary">back to summary</a></p><h3 id="m29">functional.AdminNotificationGridTest#verifyAdminNotification</h3><table class="result"></table><p class="totop"><a href="#summary">back to summary</a></p></body></html>