<!DOCTYPE html>

<html>
  <head>
  <title>TestNG reports</title>

    <link type="text/css" href="testng-reports.css" rel="stylesheet" />  
    <script type="text/javascript" src="jquery-1.7.1.min.js"></script>
    <script type="text/javascript" src="testng-reports.js"></script>
    <script type="text/javascript" src="https://www.google.com/jsapi"></script>
    <script type='text/javascript'>
      google.load('visualization', '1', {packages:['table']});
      google.setOnLoadCallback(drawTable);
      var suiteTableInitFunctions = new Array();
      var suiteTableData = new Array();
    </script>
    <!--
      <script type="text/javascript" src="jquery-ui/js/jquery-ui-1.8.16.custom.min.js"></script>
     -->
  </head>

  <body>
    <div class="top-banner-root">
      <span class="top-banner-title-font">Test results</span>
      <br/>
      <span class="top-banner-font-1">1 suite</span>
    </div> <!-- top-banner-root -->
    <div class="navigator-root">
      <div class="navigator-suite-header">
        <span>All suites</span>
        <a href="#" class="collapse-all-link" title="Collapse/expand all the suites">
          <img class="collapse-all-icon" src="collapseall.gif">
          </img> <!-- collapse-all-icon -->
        </a> <!-- collapse-all-link -->
      </div> <!-- navigator-suite-header -->
      <div class="suite">
        <div class="rounded-window">
          <div class="suite-header light-rounded-window-top">
            <a href="#" class="navigator-link" panel-name="suite-Command_line_suite">
              <span class="suite-name border-skipped">Command line suite</span>
            </a> <!-- navigator-link -->
          </div> <!-- suite-header light-rounded-window-top -->
          <div class="navigator-suite-content">
            <div class="suite-section-title">
              <span>Info</span>
            </div> <!-- suite-section-title -->
            <div class="suite-section-content">
              <ul>
                <li>
                  <a href="#" class="navigator-link " panel-name="test-xml-Command_line_suite">
                    <span>[unset file name]</span>
                  </a> <!-- navigator-link  -->
                </li>
                <li>
                  <a href="#" class="navigator-link " panel-name="testlist-Command_line_suite">
                    <span class="test-stats">1 test</span>
                  </a> <!-- navigator-link  -->
                </li>
                <li>
                  <a href="#" class="navigator-link " panel-name="group-Command_line_suite">
                    <span>0 groups</span>
                  </a> <!-- navigator-link  -->
                </li>
                <li>
                  <a href="#" class="navigator-link " panel-name="times-Command_line_suite">
                    <span>Times</span>
                  </a> <!-- navigator-link  -->
                </li>
                <li>
                  <a href="#" class="navigator-link " panel-name="reporter-Command_line_suite">
                    <span>Reporter output</span>
                  </a> <!-- navigator-link  -->
                </li>
                <li>
                  <a href="#" class="navigator-link " panel-name="ignored-methods-Command_line_suite">
                    <span>Ignored methods</span>
                  </a> <!-- navigator-link  -->
                </li>
                <li>
                  <a href="#" class="navigator-link " panel-name="chronological-Command_line_suite">
                    <span>Chronological view</span>
                  </a> <!-- navigator-link  -->
                </li>
              </ul>
            </div> <!-- suite-section-content -->
            <div class="result-section">
              <div class="suite-section-title">
                <span>Results</span>
              </div> <!-- suite-section-title -->
              <div class="suite-section-content">
                <ul>
                  <li>
                    <span class="method-stats">30 methods,  29 skipped,  1 passed</span>
                  </li>
                  <li>
                    <span class="method-list-title skipped">Skipped methods</span>
                    <span class="show-or-hide-methods skipped">
                      <a href="#" panel-name="suite-Command_line_suite" class="hide-methods skipped suite-Command_line_suite"> (hide)</a> <!-- hide-methods skipped suite-Command_line_suite -->
                      <a href="#" panel-name="suite-Command_line_suite" class="show-methods skipped suite-Command_line_suite"> (show)</a> <!-- show-methods skipped suite-Command_line_suite -->
                    </span>
                    <div class="method-list-content skipped suite-Command_line_suite">
                      <span>
                        <img width="3%" src="skipped.png"/>
                        <a href="#" class="method navigator-link" panel-name="suite-Command_line_suite" title="functional.EventTest" hash-for-method="EventLink">EventLink</a> <!-- method navigator-link -->
                      </span>
                      <br/>
                      <span>
                        <img width="3%" src="skipped.png"/>
                        <a href="#" class="method navigator-link" panel-name="suite-Command_line_suite" title="functional.UserGeneralTest" hash-for-method="GeneralLink">GeneralLink</a> <!-- method navigator-link -->
                      </span>
                      <br/>
                      <span>
                        <img width="3%" src="skipped.png"/>
                        <a href="#" class="method navigator-link" panel-name="suite-Command_line_suite" title="functional.UserGeneralTest" hash-for-method="GeneralNotice">GeneralNotice</a> <!-- method navigator-link -->
                      </span>
                      <br/>
                      <span>
                        <img width="3%" src="skipped.png"/>
                        <a href="#" class="method navigator-link" panel-name="suite-Command_line_suite" title="functional.UserGeneralTest" hash-for-method="GeneralRadio">GeneralRadio</a> <!-- method navigator-link -->
                      </span>
                      <br/>
                      <span>
                        <img width="3%" src="skipped.png"/>
                        <a href="#" class="method navigator-link" panel-name="suite-Command_line_suite" title="functional.EventTest" hash-for-method="Sort">Sort</a> <!-- method navigator-link -->
                      </span>
                      <br/>
                      <span>
                        <img width="3%" src="skipped.png"/>
                        <a href="#" class="method navigator-link" panel-name="suite-Command_line_suite" title="functional.EventTest" hash-for-method="addNewPopUp">addNewPopUp</a> <!-- method navigator-link -->
                      </span>
                      <br/>
                      <span>
                        <img width="3%" src="skipped.png"/>
                        <a href="#" class="method navigator-link" panel-name="suite-Command_line_suite" title="functional.EventTest" hash-for-method="addingDescriptionPopUp">addingDescriptionPopUp</a> <!-- method navigator-link -->
                      </span>
                      <br/>
                      <span>
                        <img width="3%" src="skipped.png"/>
                        <a href="#" class="method navigator-link" panel-name="suite-Command_line_suite" title="functional.EmployeeEventTest" hash-for-method="clickEvent">clickEvent</a> <!-- method navigator-link -->
                      </span>
                      <br/>
                      <span>
                        <img width="3%" src="skipped.png"/>
                        <a href="#" class="method navigator-link" panel-name="suite-Command_line_suite" title="functional.EmpGeneralTest" hash-for-method="liveLink">liveLink</a> <!-- method navigator-link -->
                      </span>
                      <br/>
                      <span>
                        <img width="3%" src="skipped.png"/>
                        <a href="#" class="method navigator-link" panel-name="suite-Command_line_suite" title="functional.LoginTest" hash-for-method="loginWithInvalidCredentials">loginWithInvalidCredentials</a> <!-- method navigator-link -->
                      </span>
                      <br/>
                      <span>
                        <img width="3%" src="skipped.png"/>
                        <a href="#" class="method navigator-link" panel-name="suite-Command_line_suite" title="functional.LoginTest" hash-for-method="loginWithValidCredentials">loginWithValidCredentials</a> <!-- method navigator-link -->
                      </span>
                      <br/>
                      <span>
                        <img width="3%" src="skipped.png"/>
                        <a href="#" class="method navigator-link" panel-name="suite-Command_line_suite" title="functional.LoginTest" hash-for-method="logoutTestSuccessfull">logoutTestSuccessfull</a> <!-- method navigator-link -->
                      </span>
                      <br/>
                      <span>
                        <img width="3%" src="skipped.png"/>
                        <a href="#" class="method navigator-link" panel-name="suite-Command_line_suite" title="functional.UserMandatoryTest" hash-for-method="mandatoryLink">mandatoryLink</a> <!-- method navigator-link -->
                      </span>
                      <br/>
                      <span>
                        <img width="3%" src="skipped.png"/>
                        <a href="#" class="method navigator-link" panel-name="suite-Command_line_suite" title="functional.LoginTest" hash-for-method="resetBtnTest">resetBtnTest</a> <!-- method navigator-link -->
                      </span>
                      <br/>
                      <span>
                        <img width="3%" src="skipped.png"/>
                        <a href="#" class="method navigator-link" panel-name="suite-Command_line_suite" title="functional.EventTest" hash-for-method="selectAndDeleteGrid">selectAndDeleteGrid</a> <!-- method navigator-link -->
                      </span>
                      <br/>
                      <span>
                        <img width="3%" src="skipped.png"/>
                        <a href="#" class="method navigator-link" panel-name="suite-Command_line_suite" title="functional.AdminNotificationGridTest" hash-for-method="selectAndDeleteNotificationGridTest">selectAndDeleteNotificationGridTest</a> <!-- method navigator-link -->
                      </span>
                      <br/>
                      <span>
                        <img width="3%" src="skipped.png"/>
                        <a href="#" class="method navigator-link" panel-name="suite-Command_line_suite" title="functional.AdminLiveTest" hash-for-method="selectAndDeleteSportGrid">selectAndDeleteSportGrid</a> <!-- method navigator-link -->
                      </span>
                      <br/>
                      <span>
                        <img width="3%" src="skipped.png"/>
                        <a href="#" class="method navigator-link" panel-name="suite-Command_line_suite" title="functional.EventTest" hash-for-method="selectEventGrid">selectEventGrid</a> <!-- method navigator-link -->
                      </span>
                      <br/>
                      <span>
                        <img width="3%" src="skipped.png"/>
                        <a href="#" class="method navigator-link" panel-name="suite-Command_line_suite" title="functional.LoginTest" hash-for-method="submitBtnTest">submitBtnTest</a> <!-- method navigator-link -->
                      </span>
                      <br/>
                      <span>
                        <img width="3%" src="skipped.png"/>
                        <a href="#" class="method navigator-link" panel-name="suite-Command_line_suite" title="functional.AdminNotificationGridTest" hash-for-method="verifyAddAndCloseNotificationPopUp">verifyAddAndCloseNotificationPopUp</a> <!-- method navigator-link -->
                      </span>
                      <br/>
                      <span>
                        <img width="3%" src="skipped.png"/>
                        <a href="#" class="method navigator-link" panel-name="suite-Command_line_suite" title="functional.AdminNotificationGridTest" hash-for-method="verifyAddNewDepartmentPopUp">verifyAddNewDepartmentPopUp</a> <!-- method navigator-link -->
                      </span>
                      <br/>
                      <span>
                        <img width="3%" src="skipped.png"/>
                        <a href="#" class="method navigator-link" panel-name="suite-Command_line_suite" title="functional.AdminLiveTest" hash-for-method="verifyAddNewLivePopUp">verifyAddNewLivePopUp</a> <!-- method navigator-link -->
                      </span>
                      <br/>
                      <span>
                        <img width="3%" src="skipped.png"/>
                        <a href="#" class="method navigator-link" panel-name="suite-Command_line_suite" title="functional.AdminNotificationGridTest" hash-for-method="verifyAddNewNotificationPopUpFunctionalityForGeneral">verifyAddNewNotificationPopUpFunctionalityForGeneral</a> <!-- method navigator-link -->
                      </span>
                      <br/>
                      <span>
                        <img width="3%" src="skipped.png"/>
                        <a href="#" class="method navigator-link" panel-name="suite-Command_line_suite" title="functional.AdminNotificationGridTest" hash-for-method="verifyAddNewNotificationPopUpFunctionalityForMandatory">verifyAddNewNotificationPopUpFunctionalityForMandatory</a> <!-- method navigator-link -->
                      </span>
                      <br/>
                      <span>
                        <img width="3%" src="skipped.png"/>
                        <a href="#" class="method navigator-link" panel-name="suite-Command_line_suite" title="functional.AdminNotificationGridTest" hash-for-method="verifyAdminNotificationLink">verifyAdminNotificationLink</a> <!-- method navigator-link -->
                      </span>
                      <br/>
                      <span>
                        <img width="3%" src="skipped.png"/>
                        <a href="#" class="method navigator-link" panel-name="suite-Command_line_suite" title="functional.EmployeeLandingPageTest" hash-for-method="verifyEmployeeLandingPage">verifyEmployeeLandingPage</a> <!-- method navigator-link -->
                      </span>
                      <br/>
                      <span>
                        <img width="3%" src="skipped.png"/>
                        <a href="#" class="method navigator-link" panel-name="suite-Command_line_suite" title="functional.EmployeeEventTest" hash-for-method="verifyEventLink">verifyEventLink</a> <!-- method navigator-link -->
                      </span>
                      <br/>
                      <span>
                        <img width="3%" src="skipped.png"/>
                        <a href="#" class="method navigator-link" panel-name="suite-Command_line_suite" title="functional.AdminLiveTest" hash-for-method="verifyLiveLink">verifyLiveLink</a> <!-- method navigator-link -->
                      </span>
                      <br/>
                      <span>
                        <img width="3%" src="skipped.png"/>
                        <a href="#" class="method navigator-link" panel-name="suite-Command_line_suite" title="functional.EmployeeLandingPageTest" hash-for-method="verifyMenuBarLinks">verifyMenuBarLinks</a> <!-- method navigator-link -->
                      </span>
                      <br/>
                    </div> <!-- method-list-content skipped suite-Command_line_suite -->
                  </li>
                  <li>
                    <span class="method-list-title passed">Passed methods</span>
                    <span class="show-or-hide-methods passed">
                      <a href="#" panel-name="suite-Command_line_suite" class="hide-methods passed suite-Command_line_suite"> (hide)</a> <!-- hide-methods passed suite-Command_line_suite -->
                      <a href="#" panel-name="suite-Command_line_suite" class="show-methods passed suite-Command_line_suite"> (show)</a> <!-- show-methods passed suite-Command_line_suite -->
                    </span>
                    <div class="method-list-content passed suite-Command_line_suite">
                      <span>
                        <img width="3%" src="passed.png"/>
                        <a href="#" class="method navigator-link" panel-name="suite-Command_line_suite" title="functional.AdminNotificationGridTest" hash-for-method="verifyAdminNotification">verifyAdminNotification</a> <!-- method navigator-link -->
                      </span>
                      <br/>
                    </div> <!-- method-list-content passed suite-Command_line_suite -->
                  </li>
                </ul>
              </div> <!-- suite-section-content -->
            </div> <!-- result-section -->
          </div> <!-- navigator-suite-content -->
        </div> <!-- rounded-window -->
      </div> <!-- suite -->
    </div> <!-- navigator-root -->
    <div class="wrapper">
      <div class="main-panel-root">
        <div panel-name="suite-Command_line_suite" class="panel Command_line_suite">
          <div class="suite-Command_line_suite-class-skipped">
            <div class="main-panel-header rounded-window-top">
              <img src="skipped.png"/>
              <span class="class-name">functional.EmployeeEventTest</span>
            </div> <!-- main-panel-header rounded-window-top -->
            <div class="main-panel-content rounded-window-bottom">
              <div class="method">
                <div class="method-content">
                  <a name="clickEvent">
                  </a> <!-- clickEvent -->
                  <span class="method-name">clickEvent</span>
                  <div class="stack-trace">org.testng.TestNGException: 
Parameter &apos;email&apos; is required by @Test on method clickEvent but has not been marked @Optional or defined

... Removed 32 stack frames
</div> <!-- stack-trace -->
                </div> <!-- method-content -->
              </div> <!-- method -->
              <div class="method">
                <div class="method-content">
                  <a name="verifyEventLink">
                  </a> <!-- verifyEventLink -->
                  <span class="method-name">verifyEventLink</span>
                  <div class="stack-trace">org.testng.TestNGException: 
Parameter &apos;email&apos; is required by @Test on method verifyEventLink but has not been marked @Optional or defined

... Removed 32 stack frames
</div> <!-- stack-trace -->
                </div> <!-- method-content -->
              </div> <!-- method -->
            </div> <!-- main-panel-content rounded-window-bottom -->
          </div> <!-- suite-Command_line_suite-class-skipped -->
          <div class="suite-Command_line_suite-class-skipped">
            <div class="main-panel-header rounded-window-top">
              <img src="skipped.png"/>
              <span class="class-name">functional.EmpGeneralTest</span>
            </div> <!-- main-panel-header rounded-window-top -->
            <div class="main-panel-content rounded-window-bottom">
              <div class="method">
                <div class="method-content">
                  <a name="liveLink">
                  </a> <!-- liveLink -->
                  <span class="method-name">liveLink</span>
                  <div class="stack-trace">org.testng.TestNGException: 
Parameter &apos;email&apos; is required by @Test on method liveLink but has not been marked @Optional or defined

... Removed 32 stack frames
</div> <!-- stack-trace -->
                </div> <!-- method-content -->
              </div> <!-- method -->
            </div> <!-- main-panel-content rounded-window-bottom -->
          </div> <!-- suite-Command_line_suite-class-skipped -->
          <div class="suite-Command_line_suite-class-skipped">
            <div class="main-panel-header rounded-window-top">
              <img src="skipped.png"/>
              <span class="class-name">functional.EventTest</span>
            </div> <!-- main-panel-header rounded-window-top -->
            <div class="main-panel-content rounded-window-bottom">
              <div class="method">
                <div class="method-content">
                  <a name="EventLink">
                  </a> <!-- EventLink -->
                  <span class="method-name">EventLink</span>
                  <div class="stack-trace">org.testng.TestNGException: 
Parameter &apos;email&apos; is required by @Test on method EventLink but has not been marked @Optional or defined

... Removed 32 stack frames
</div> <!-- stack-trace -->
                </div> <!-- method-content -->
              </div> <!-- method -->
              <div class="method">
                <div class="method-content">
                  <a name="Sort">
                  </a> <!-- Sort -->
                  <span class="method-name">Sort</span>
                  <div class="stack-trace">org.testng.TestNGException: 
Parameter &apos;email&apos; is required by @Test on method Sort but has not been marked @Optional or defined

... Removed 32 stack frames
</div> <!-- stack-trace -->
                </div> <!-- method-content -->
              </div> <!-- method -->
              <div class="method">
                <div class="method-content">
                  <a name="addNewPopUp">
                  </a> <!-- addNewPopUp -->
                  <span class="method-name">addNewPopUp</span>
                  <div class="stack-trace">org.testng.TestNGException: 
Parameter &apos;email&apos; is required by @Test on method addNewPopUp but has not been marked @Optional or defined

... Removed 32 stack frames
</div> <!-- stack-trace -->
                </div> <!-- method-content -->
              </div> <!-- method -->
              <div class="method">
                <div class="method-content">
                  <a name="addingDescriptionPopUp">
                  </a> <!-- addingDescriptionPopUp -->
                  <span class="method-name">addingDescriptionPopUp</span>
                  <div class="stack-trace">org.testng.TestNGException: 
Parameter &apos;email&apos; is required by @Test on method addingDescriptionPopUp but has not been marked @Optional or defined

... Removed 32 stack frames
</div> <!-- stack-trace -->
                </div> <!-- method-content -->
              </div> <!-- method -->
              <div class="method">
                <div class="method-content">
                  <a name="selectAndDeleteGrid">
                  </a> <!-- selectAndDeleteGrid -->
                  <span class="method-name">selectAndDeleteGrid</span>
                  <div class="stack-trace">org.testng.TestNGException: 
Parameter &apos;email&apos; is required by @Test on method selectAndDeleteGrid but has not been marked @Optional or defined

... Removed 32 stack frames
</div> <!-- stack-trace -->
                </div> <!-- method-content -->
              </div> <!-- method -->
              <div class="method">
                <div class="method-content">
                  <a name="selectEventGrid">
                  </a> <!-- selectEventGrid -->
                  <span class="method-name">selectEventGrid</span>
                  <div class="stack-trace">org.testng.TestNGException: 
Parameter &apos;email&apos; is required by @Test on method selectEventGrid but has not been marked @Optional or defined

... Removed 32 stack frames
</div> <!-- stack-trace -->
                </div> <!-- method-content -->
              </div> <!-- method -->
            </div> <!-- main-panel-content rounded-window-bottom -->
          </div> <!-- suite-Command_line_suite-class-skipped -->
          <div class="suite-Command_line_suite-class-skipped">
            <div class="main-panel-header rounded-window-top">
              <img src="skipped.png"/>
              <span class="class-name">functional.LoginTest</span>
            </div> <!-- main-panel-header rounded-window-top -->
            <div class="main-panel-content rounded-window-bottom">
              <div class="method">
                <div class="method-content">
                  <a name="loginWithInvalidCredentials">
                  </a> <!-- loginWithInvalidCredentials -->
                  <span class="method-name">loginWithInvalidCredentials</span>
                  <div class="stack-trace">org.testng.TestNGException: 
Parameter &apos;email&apos; is required by @Test on method loginWithInvalidCredentials but has not been marked @Optional or defined

... Removed 32 stack frames
</div> <!-- stack-trace -->
                </div> <!-- method-content -->
              </div> <!-- method -->
              <div class="method">
                <div class="method-content">
                  <a name="loginWithValidCredentials">
                  </a> <!-- loginWithValidCredentials -->
                  <span class="method-name">loginWithValidCredentials</span>
                  <div class="stack-trace">org.testng.TestNGException: 
Parameter &apos;email&apos; is required by @Test on method loginWithValidCredentials but has not been marked @Optional or defined

... Removed 32 stack frames
</div> <!-- stack-trace -->
                </div> <!-- method-content -->
              </div> <!-- method -->
              <div class="method">
                <div class="method-content">
                  <a name="logoutTestSuccessfull">
                  </a> <!-- logoutTestSuccessfull -->
                  <span class="method-name">logoutTestSuccessfull</span>
                  <div class="stack-trace">org.testng.TestNGException: 
Parameter &apos;email&apos; is required by @Test on method logoutTestSuccessfull but has not been marked @Optional or defined

... Removed 32 stack frames
</div> <!-- stack-trace -->
                </div> <!-- method-content -->
              </div> <!-- method -->
              <div class="method">
                <div class="method-content">
                  <a name="resetBtnTest">
                  </a> <!-- resetBtnTest -->
                  <span class="method-name">resetBtnTest</span>
                  <div class="stack-trace">org.testng.TestNGException: 
Parameter &apos;email&apos; is required by @Test on method resetBtnTest but has not been marked @Optional or defined

... Removed 32 stack frames
</div> <!-- stack-trace -->
                </div> <!-- method-content -->
              </div> <!-- method -->
              <div class="method">
                <div class="method-content">
                  <a name="submitBtnTest">
                  </a> <!-- submitBtnTest -->
                  <span class="method-name">submitBtnTest</span>
                  <div class="stack-trace">org.testng.TestNGException: 
Parameter &apos;email&apos; is required by @Test on method submitBtnTest but has not been marked @Optional or defined

... Removed 32 stack frames
</div> <!-- stack-trace -->
                </div> <!-- method-content -->
              </div> <!-- method -->
            </div> <!-- main-panel-content rounded-window-bottom -->
          </div> <!-- suite-Command_line_suite-class-skipped -->
          <div class="suite-Command_line_suite-class-skipped">
            <div class="main-panel-header rounded-window-top">
              <img src="skipped.png"/>
              <span class="class-name">functional.EmployeeLandingPageTest</span>
            </div> <!-- main-panel-header rounded-window-top -->
            <div class="main-panel-content rounded-window-bottom">
              <div class="method">
                <div class="method-content">
                  <a name="verifyEmployeeLandingPage">
                  </a> <!-- verifyEmployeeLandingPage -->
                  <span class="method-name">verifyEmployeeLandingPage</span>
                  <div class="stack-trace">org.testng.TestNGException: 
Parameter &apos;email&apos; is required by @Test on method verifyEmployeeLandingPage but has not been marked @Optional or defined

... Removed 32 stack frames
</div> <!-- stack-trace -->
                </div> <!-- method-content -->
              </div> <!-- method -->
              <div class="method">
                <div class="method-content">
                  <a name="verifyMenuBarLinks">
                  </a> <!-- verifyMenuBarLinks -->
                  <span class="method-name">verifyMenuBarLinks</span>
                  <div class="stack-trace">org.testng.TestNGException: 
Parameter &apos;email&apos; is required by @Test on method verifyMenuBarLinks but has not been marked @Optional or defined

... Removed 32 stack frames
</div> <!-- stack-trace -->
                </div> <!-- method-content -->
              </div> <!-- method -->
            </div> <!-- main-panel-content rounded-window-bottom -->
          </div> <!-- suite-Command_line_suite-class-skipped -->
          <div class="suite-Command_line_suite-class-skipped">
            <div class="main-panel-header rounded-window-top">
              <img src="skipped.png"/>
              <span class="class-name">functional.AdminNotificationGridTest</span>
            </div> <!-- main-panel-header rounded-window-top -->
            <div class="main-panel-content rounded-window-bottom">
              <div class="method">
                <div class="method-content">
                  <a name="selectAndDeleteNotificationGridTest">
                  </a> <!-- selectAndDeleteNotificationGridTest -->
                  <span class="method-name">selectAndDeleteNotificationGridTest</span>
                  <div class="stack-trace">org.testng.TestNGException: 
Parameter &apos;email&apos; is required by @Test on method selectAndDeleteNotificationGridTest but has not been marked @Optional or defined

... Removed 32 stack frames
</div> <!-- stack-trace -->
                </div> <!-- method-content -->
              </div> <!-- method -->
              <div class="method">
                <div class="method-content">
                  <a name="verifyAddAndCloseNotificationPopUp">
                  </a> <!-- verifyAddAndCloseNotificationPopUp -->
                  <span class="method-name">verifyAddAndCloseNotificationPopUp</span>
                  <div class="stack-trace">org.testng.TestNGException: 
Parameter &apos;email&apos; is required by @Test on method verifyAddAndCloseNotificationPopUp but has not been marked @Optional or defined

... Removed 32 stack frames
</div> <!-- stack-trace -->
                </div> <!-- method-content -->
              </div> <!-- method -->
              <div class="method">
                <div class="method-content">
                  <a name="verifyAddNewDepartmentPopUp">
                  </a> <!-- verifyAddNewDepartmentPopUp -->
                  <span class="method-name">verifyAddNewDepartmentPopUp</span>
                  <div class="stack-trace">org.testng.TestNGException: 
Parameter &apos;email&apos; is required by @Test on method verifyAddNewDepartmentPopUp but has not been marked @Optional or defined

... Removed 32 stack frames
</div> <!-- stack-trace -->
                </div> <!-- method-content -->
              </div> <!-- method -->
              <div class="method">
                <div class="method-content">
                  <a name="verifyAddNewNotificationPopUpFunctionalityForGeneral">
                  </a> <!-- verifyAddNewNotificationPopUpFunctionalityForGeneral -->
                  <span class="method-name">verifyAddNewNotificationPopUpFunctionalityForGeneral</span>
                  <div class="stack-trace">org.testng.TestNGException: 
Parameter &apos;email&apos; is required by @Test on method verifyAddNewNotificationPopUpFunctionalityForGeneral but has not been marked @Optional or defined

... Removed 32 stack frames
</div> <!-- stack-trace -->
                </div> <!-- method-content -->
              </div> <!-- method -->
              <div class="method">
                <div class="method-content">
                  <a name="verifyAddNewNotificationPopUpFunctionalityForMandatory">
                  </a> <!-- verifyAddNewNotificationPopUpFunctionalityForMandatory -->
                  <span class="method-name">verifyAddNewNotificationPopUpFunctionalityForMandatory</span>
                  <div class="stack-trace">org.testng.TestNGException: 
Parameter &apos;email&apos; is required by @Test on method verifyAddNewNotificationPopUpFunctionalityForMandatory but has not been marked @Optional or defined

... Removed 32 stack frames
</div> <!-- stack-trace -->
                </div> <!-- method-content -->
              </div> <!-- method -->
              <div class="method">
                <div class="method-content">
                  <a name="verifyAdminNotificationLink">
                  </a> <!-- verifyAdminNotificationLink -->
                  <span class="method-name">verifyAdminNotificationLink</span>
                  <div class="stack-trace">org.testng.TestNGException: 
Parameter &apos;email&apos; is required by @Test on method verifyAdminNotificationLink but has not been marked @Optional or defined

... Removed 32 stack frames
</div> <!-- stack-trace -->
                </div> <!-- method-content -->
              </div> <!-- method -->
            </div> <!-- main-panel-content rounded-window-bottom -->
          </div> <!-- suite-Command_line_suite-class-skipped -->
          <div class="suite-Command_line_suite-class-skipped">
            <div class="main-panel-header rounded-window-top">
              <img src="skipped.png"/>
              <span class="class-name">functional.UserGeneralTest</span>
            </div> <!-- main-panel-header rounded-window-top -->
            <div class="main-panel-content rounded-window-bottom">
              <div class="method">
                <div class="method-content">
                  <a name="GeneralLink">
                  </a> <!-- GeneralLink -->
                  <span class="method-name">GeneralLink</span>
                  <div class="stack-trace">org.testng.TestNGException: 
Parameter &apos;email&apos; is required by @Test on method GeneralLink but has not been marked @Optional or defined

... Removed 32 stack frames
</div> <!-- stack-trace -->
                </div> <!-- method-content -->
              </div> <!-- method -->
              <div class="method">
                <div class="method-content">
                  <a name="GeneralNotice">
                  </a> <!-- GeneralNotice -->
                  <span class="method-name">GeneralNotice</span>
                  <div class="stack-trace">org.testng.TestNGException: 
Parameter &apos;email&apos; is required by @Test on method GeneralNotice but has not been marked @Optional or defined

... Removed 32 stack frames
</div> <!-- stack-trace -->
                </div> <!-- method-content -->
              </div> <!-- method -->
              <div class="method">
                <div class="method-content">
                  <a name="GeneralRadio">
                  </a> <!-- GeneralRadio -->
                  <span class="method-name">GeneralRadio</span>
                  <div class="stack-trace">org.testng.TestNGException: 
Parameter &apos;email&apos; is required by @Test on method GeneralRadio but has not been marked @Optional or defined

... Removed 32 stack frames
</div> <!-- stack-trace -->
                </div> <!-- method-content -->
              </div> <!-- method -->
            </div> <!-- main-panel-content rounded-window-bottom -->
          </div> <!-- suite-Command_line_suite-class-skipped -->
          <div class="suite-Command_line_suite-class-skipped">
            <div class="main-panel-header rounded-window-top">
              <img src="skipped.png"/>
              <span class="class-name">functional.AdminLiveTest</span>
            </div> <!-- main-panel-header rounded-window-top -->
            <div class="main-panel-content rounded-window-bottom">
              <div class="method">
                <div class="method-content">
                  <a name="selectAndDeleteSportGrid">
                  </a> <!-- selectAndDeleteSportGrid -->
                  <span class="method-name">selectAndDeleteSportGrid</span>
                  <div class="stack-trace">org.testng.TestNGException: 
Parameter &apos;email&apos; is required by @Test on method selectAndDeleteSportGrid but has not been marked @Optional or defined

... Removed 32 stack frames
</div> <!-- stack-trace -->
                </div> <!-- method-content -->
              </div> <!-- method -->
              <div class="method">
                <div class="method-content">
                  <a name="verifyAddNewLivePopUp">
                  </a> <!-- verifyAddNewLivePopUp -->
                  <span class="method-name">verifyAddNewLivePopUp</span>
                  <div class="stack-trace">org.testng.TestNGException: 
Parameter &apos;email&apos; is required by @Test on method verifyAddNewLivePopUp but has not been marked @Optional or defined

... Removed 32 stack frames
</div> <!-- stack-trace -->
                </div> <!-- method-content -->
              </div> <!-- method -->
              <div class="method">
                <div class="method-content">
                  <a name="verifyLiveLink">
                  </a> <!-- verifyLiveLink -->
                  <span class="method-name">verifyLiveLink</span>
                  <div class="stack-trace">org.testng.TestNGException: 
Parameter &apos;email&apos; is required by @Test on method verifyLiveLink but has not been marked @Optional or defined

... Removed 32 stack frames
</div> <!-- stack-trace -->
                </div> <!-- method-content -->
              </div> <!-- method -->
            </div> <!-- main-panel-content rounded-window-bottom -->
          </div> <!-- suite-Command_line_suite-class-skipped -->
          <div class="suite-Command_line_suite-class-skipped">
            <div class="main-panel-header rounded-window-top">
              <img src="skipped.png"/>
              <span class="class-name">functional.UserMandatoryTest</span>
            </div> <!-- main-panel-header rounded-window-top -->
            <div class="main-panel-content rounded-window-bottom">
              <div class="method">
                <div class="method-content">
                  <a name="mandatoryLink">
                  </a> <!-- mandatoryLink -->
                  <span class="method-name">mandatoryLink</span>
                  <div class="stack-trace">org.testng.TestNGException: 
Parameter &apos;email&apos; is required by @Test on method mandatoryLink but has not been marked @Optional or defined

... Removed 32 stack frames
</div> <!-- stack-trace -->
                </div> <!-- method-content -->
              </div> <!-- method -->
            </div> <!-- main-panel-content rounded-window-bottom -->
          </div> <!-- suite-Command_line_suite-class-skipped -->
          <div class="suite-Command_line_suite-class-passed">
            <div class="main-panel-header rounded-window-top">
              <img src="passed.png"/>
              <span class="class-name">functional.AdminNotificationGridTest</span>
            </div> <!-- main-panel-header rounded-window-top -->
            <div class="main-panel-content rounded-window-bottom">
              <div class="method">
                <div class="method-content">
                  <a name="verifyAdminNotification">
                  </a> <!-- verifyAdminNotification -->
                  <span class="method-name">verifyAdminNotification</span>
                </div> <!-- method-content -->
              </div> <!-- method -->
            </div> <!-- main-panel-content rounded-window-bottom -->
          </div> <!-- suite-Command_line_suite-class-passed -->
        </div> <!-- panel Command_line_suite -->
        <div panel-name="test-xml-Command_line_suite" class="panel">
          <div class="main-panel-header rounded-window-top">
          </div> <!-- main-panel-header rounded-window-top -->
          <div class="main-panel-content rounded-window-bottom">
            <pre>
&lt;?xml version=&quot;1.0&quot; encoding=&quot;UTF-8&quot;?&gt;
&lt;!DOCTYPE suite SYSTEM &quot;http://testng.org/testng-1.0.dtd&quot;&gt;
&lt;suite verbose=&quot;0&quot; name=&quot;Command line suite&quot;&gt;
  &lt;test name=&quot;Command line test&quot; preserve-order=&quot;false&quot;&gt;
    &lt;classes&gt;
      &lt;class name=&quot;functional.AdminLiveTest&quot;/&gt;
      &lt;class name=&quot;functional.AdminNotificationGridTest&quot;/&gt;
      &lt;class name=&quot;functional.BaseTest&quot;/&gt;
      &lt;class name=&quot;functional.EmpGeneralTest&quot;/&gt;
      &lt;class name=&quot;functional.EmployeeEventTest&quot;/&gt;
      &lt;class name=&quot;functional.EmployeeLandingPageTest&quot;/&gt;
      &lt;class name=&quot;functional.EventTest&quot;/&gt;
      &lt;class name=&quot;functional.LoginTest&quot;/&gt;
      &lt;class name=&quot;functional.UserGeneralTest&quot;/&gt;
      &lt;class name=&quot;functional.UserMandatoryTest&quot;/&gt;
    &lt;/classes&gt;
  &lt;/test&gt; &lt;!-- Command line test --&gt;
&lt;/suite&gt; &lt;!-- Command line suite --&gt;
            </pre>
          </div> <!-- main-panel-content rounded-window-bottom -->
        </div> <!-- panel -->
        <div panel-name="testlist-Command_line_suite" class="panel">
          <div class="main-panel-header rounded-window-top">
            <span class="header-content">Tests for Command line suite</span>
          </div> <!-- main-panel-header rounded-window-top -->
          <div class="main-panel-content rounded-window-bottom">
            <ul>
              <li>
                <span class="test-name">Command line test (10 classes)</span>
              </li>
            </ul>
          </div> <!-- main-panel-content rounded-window-bottom -->
        </div> <!-- panel -->
        <div panel-name="group-Command_line_suite" class="panel">
          <div class="main-panel-header rounded-window-top">
            <span class="header-content">Groups for Command line suite</span>
          </div> <!-- main-panel-header rounded-window-top -->
          <div class="main-panel-content rounded-window-bottom">
          </div> <!-- main-panel-content rounded-window-bottom -->
        </div> <!-- panel -->
        <div panel-name="times-Command_line_suite" class="panel">
          <div class="main-panel-header rounded-window-top">
            <span class="header-content">Times for Command line suite</span>
          </div> <!-- main-panel-header rounded-window-top -->
          <div class="main-panel-content rounded-window-bottom">
            <div class="times-div">
              <script type="text/javascript">
suiteTableInitFunctions.push('tableData_Command_line_suite');
function tableData_Command_line_suite() {
var data = new google.visualization.DataTable();
data.addColumn('number', 'Number');
data.addColumn('string', 'Method');
data.addColumn('string', 'Class');
data.addColumn('number', 'Time (ms)');
data.addRows(30);
data.setCell(0, 0, 0)
data.setCell(0, 1, 'verifyAdminNotification')
data.setCell(0, 2, 'functional.AdminNotificationGridTest')
data.setCell(0, 3, 1010);
data.setCell(1, 0, 1)
data.setCell(1, 1, 'verifyAddNewNotificationPopUpFunctionalityForMandatory')
data.setCell(1, 2, 'functional.AdminNotificationGridTest')
data.setCell(1, 3, 0);
data.setCell(2, 0, 2)
data.setCell(2, 1, 'Sort')
data.setCell(2, 2, 'functional.EventTest')
data.setCell(2, 3, 0);
data.setCell(3, 0, 3)
data.setCell(3, 1, 'loginWithValidCredentials')
data.setCell(3, 2, 'functional.LoginTest')
data.setCell(3, 3, 0);
data.setCell(4, 0, 4)
data.setCell(4, 1, 'resetBtnTest')
data.setCell(4, 2, 'functional.LoginTest')
data.setCell(4, 3, 0);
data.setCell(5, 0, 5)
data.setCell(5, 1, 'liveLink')
data.setCell(5, 2, 'functional.EmpGeneralTest')
data.setCell(5, 3, 0);
data.setCell(6, 0, 6)
data.setCell(6, 1, 'addNewPopUp')
data.setCell(6, 2, 'functional.EventTest')
data.setCell(6, 3, 0);
data.setCell(7, 0, 7)
data.setCell(7, 1, 'verifyAddNewLivePopUp')
data.setCell(7, 2, 'functional.AdminLiveTest')
data.setCell(7, 3, 0);
data.setCell(8, 0, 8)
data.setCell(8, 1, 'verifyAddNewDepartmentPopUp')
data.setCell(8, 2, 'functional.AdminNotificationGridTest')
data.setCell(8, 3, 0);
data.setCell(9, 0, 9)
data.setCell(9, 1, 'selectAndDeleteGrid')
data.setCell(9, 2, 'functional.EventTest')
data.setCell(9, 3, 0);
data.setCell(10, 0, 10)
data.setCell(10, 1, 'selectEventGrid')
data.setCell(10, 2, 'functional.EventTest')
data.setCell(10, 3, 0);
data.setCell(11, 0, 11)
data.setCell(11, 1, 'EventLink')
data.setCell(11, 2, 'functional.EventTest')
data.setCell(11, 3, 0);
data.setCell(12, 0, 12)
data.setCell(12, 1, 'selectAndDeleteNotificationGridTest')
data.setCell(12, 2, 'functional.AdminNotificationGridTest')
data.setCell(12, 3, 0);
data.setCell(13, 0, 13)
data.setCell(13, 1, 'verifyEventLink')
data.setCell(13, 2, 'functional.EmployeeEventTest')
data.setCell(13, 3, 0);
data.setCell(14, 0, 14)
data.setCell(14, 1, 'verifyEmployeeLandingPage')
data.setCell(14, 2, 'functional.EmployeeLandingPageTest')
data.setCell(14, 3, 0);
data.setCell(15, 0, 15)
data.setCell(15, 1, 'loginWithInvalidCredentials')
data.setCell(15, 2, 'functional.LoginTest')
data.setCell(15, 3, 0);
data.setCell(16, 0, 16)
data.setCell(16, 1, 'mandatoryLink')
data.setCell(16, 2, 'functional.UserMandatoryTest')
data.setCell(16, 3, 0);
data.setCell(17, 0, 17)
data.setCell(17, 1, 'verifyLiveLink')
data.setCell(17, 2, 'functional.AdminLiveTest')
data.setCell(17, 3, 0);
data.setCell(18, 0, 18)
data.setCell(18, 1, 'submitBtnTest')
data.setCell(18, 2, 'functional.LoginTest')
data.setCell(18, 3, 0);
data.setCell(19, 0, 19)
data.setCell(19, 1, 'addingDescriptionPopUp')
data.setCell(19, 2, 'functional.EventTest')
data.setCell(19, 3, 0);
data.setCell(20, 0, 20)
data.setCell(20, 1, 'selectAndDeleteSportGrid')
data.setCell(20, 2, 'functional.AdminLiveTest')
data.setCell(20, 3, 0);
data.setCell(21, 0, 21)
data.setCell(21, 1, 'verifyAddNewNotificationPopUpFunctionalityForGeneral')
data.setCell(21, 2, 'functional.AdminNotificationGridTest')
data.setCell(21, 3, 0);
data.setCell(22, 0, 22)
data.setCell(22, 1, 'verifyAdminNotificationLink')
data.setCell(22, 2, 'functional.AdminNotificationGridTest')
data.setCell(22, 3, 0);
data.setCell(23, 0, 23)
data.setCell(23, 1, 'GeneralLink')
data.setCell(23, 2, 'functional.UserGeneralTest')
data.setCell(23, 3, 0);
data.setCell(24, 0, 24)
data.setCell(24, 1, 'GeneralRadio')
data.setCell(24, 2, 'functional.UserGeneralTest')
data.setCell(24, 3, 0);
data.setCell(25, 0, 25)
data.setCell(25, 1, 'GeneralNotice')
data.setCell(25, 2, 'functional.UserGeneralTest')
data.setCell(25, 3, 0);
data.setCell(26, 0, 26)
data.setCell(26, 1, 'clickEvent')
data.setCell(26, 2, 'functional.EmployeeEventTest')
data.setCell(26, 3, 0);
data.setCell(27, 0, 27)
data.setCell(27, 1, 'logoutTestSuccessfull')
data.setCell(27, 2, 'functional.LoginTest')
data.setCell(27, 3, 0);
data.setCell(28, 0, 28)
data.setCell(28, 1, 'verifyMenuBarLinks')
data.setCell(28, 2, 'functional.EmployeeLandingPageTest')
data.setCell(28, 3, 0);
data.setCell(29, 0, 29)
data.setCell(29, 1, 'verifyAddAndCloseNotificationPopUp')
data.setCell(29, 2, 'functional.AdminNotificationGridTest')
data.setCell(29, 3, 0);
window.suiteTableData['Command_line_suite']= { tableData: data, tableDiv: 'times-div-Command_line_suite'}
return data;
}
              </script>
              <span class="suite-total-time">Total running time: 1 seconds</span>
              <div id="times-div-Command_line_suite">
              </div> <!-- times-div-Command_line_suite -->
            </div> <!-- times-div -->
          </div> <!-- main-panel-content rounded-window-bottom -->
        </div> <!-- panel -->
        <div panel-name="reporter-Command_line_suite" class="panel">
          <div class="main-panel-header rounded-window-top">
            <span class="header-content">Reporter output for Command line suite</span>
          </div> <!-- main-panel-header rounded-window-top -->
          <div class="main-panel-content rounded-window-bottom">
          </div> <!-- main-panel-content rounded-window-bottom -->
        </div> <!-- panel -->
        <div panel-name="ignored-methods-Command_line_suite" class="panel">
          <div class="main-panel-header rounded-window-top">
            <span class="header-content">16 ignored methods</span>
          </div> <!-- main-panel-header rounded-window-top -->
          <div class="main-panel-content rounded-window-bottom">
            <div class="ignored-class-div">
              <span class="ignored-class-name">functional.EmpGeneralTest</span>
              <div class="ignored-methods-div">
                <span class="ignored-method-name">teardown</span>
                <br/>
                <span class="ignored-method-name">setup</span>
                <br/>
              </div> <!-- ignored-methods-div -->
            </div> <!-- ignored-class-div -->
            <div class="ignored-class-div">
              <span class="ignored-class-name">functional.EventTest</span>
              <div class="ignored-methods-div">
                <span class="ignored-method-name">teardown</span>
                <br/>
                <span class="ignored-method-name">setup</span>
                <br/>
              </div> <!-- ignored-methods-div -->
            </div> <!-- ignored-class-div -->
            <div class="ignored-class-div">
              <span class="ignored-class-name">functional.BaseTest</span>
              <div class="ignored-methods-div">
                <span class="ignored-method-name">teardown</span>
                <br/>
                <span class="ignored-method-name">setup</span>
                <br/>
              </div> <!-- ignored-methods-div -->
            </div> <!-- ignored-class-div -->
            <div class="ignored-class-div">
              <span class="ignored-class-name">functional.EmployeeLandingPageTest</span>
              <div class="ignored-methods-div">
                <span class="ignored-method-name">teardown</span>
                <br/>
                <span class="ignored-method-name">setup</span>
                <br/>
              </div> <!-- ignored-methods-div -->
            </div> <!-- ignored-class-div -->
            <div class="ignored-class-div">
              <span class="ignored-class-name">functional.AdminNotificationGridTest</span>
              <div class="ignored-methods-div">
                <span class="ignored-method-name">teardown</span>
                <br/>
                <span class="ignored-method-name">setup</span>
                <br/>
              </div> <!-- ignored-methods-div -->
            </div> <!-- ignored-class-div -->
            <div class="ignored-class-div">
              <span class="ignored-class-name">functional.UserGeneralTest</span>
              <div class="ignored-methods-div">
                <span class="ignored-method-name">teardown</span>
                <br/>
                <span class="ignored-method-name">setup</span>
                <br/>
              </div> <!-- ignored-methods-div -->
            </div> <!-- ignored-class-div -->
            <div class="ignored-class-div">
              <span class="ignored-class-name">functional.AdminLiveTest</span>
              <div class="ignored-methods-div">
                <span class="ignored-method-name">teardown</span>
                <br/>
                <span class="ignored-method-name">setup</span>
                <br/>
              </div> <!-- ignored-methods-div -->
            </div> <!-- ignored-class-div -->
            <div class="ignored-class-div">
              <span class="ignored-class-name">functional.UserMandatoryTest</span>
              <div class="ignored-methods-div">
                <span class="ignored-method-name">teardown</span>
                <br/>
                <span class="ignored-method-name">setup</span>
                <br/>
              </div> <!-- ignored-methods-div -->
            </div> <!-- ignored-class-div -->
          </div> <!-- main-panel-content rounded-window-bottom -->
        </div> <!-- panel -->
        <div panel-name="chronological-Command_line_suite" class="panel">
          <div class="main-panel-header rounded-window-top">
            <span class="header-content">Methods in chronological order</span>
          </div> <!-- main-panel-header rounded-window-top -->
          <div class="main-panel-content rounded-window-bottom">
            <div class="chronological-class">
              <div class="chronological-class-name">functional.EmployeeEventTest</div> <!-- chronological-class-name -->
              <div class="configuration-test before">
                <span class="method-name">setup</span>
                <span class="method-start">0 ms</span>
              </div> <!-- configuration-test before -->
            </div> <!-- chronological-class -->
            <div class="chronological-class">
              <div class="chronological-class-name">functional.LoginTest</div> <!-- chronological-class-name -->
              <div class="configuration-test before">
                <span class="method-name">setup</span>
                <span class="method-start">4825 ms</span>
              </div> <!-- configuration-test before -->
            </div> <!-- chronological-class -->
            <div class="chronological-class">
              <div class="chronological-class-name">functional.AdminNotificationGridTest</div> <!-- chronological-class-name -->
              <div class="test-method">
                <span class="method-name">verifyAdminNotification</span>
                <span class="method-start">9038 ms</span>
              </div> <!-- test-method -->
            </div> <!-- chronological-class -->
            <div class="chronological-class">
              <div class="chronological-class-name">functional.EmployeeEventTest</div> <!-- chronological-class-name -->
              <div class="configuration-test after">
                <span class="method-name">teardown</span>
                <span class="method-start">10062 ms</span>
              </div> <!-- configuration-test after -->
            </div> <!-- chronological-class -->
            <div class="chronological-class">
              <div class="chronological-class-name">functional.LoginTest</div> <!-- chronological-class-name -->
              <div class="configuration-test after">
                <span class="method-name">teardown</span>
                <span class="method-start">10964 ms</span>
              </div> <!-- configuration-test after -->
          </div> <!-- main-panel-content rounded-window-bottom -->
        </div> <!-- panel -->
      </div> <!-- main-panel-root -->
    </div> <!-- wrapper -->
  </body>
</html>
