<?xml version="1.0" encoding="UTF-8"?>
<!-- Generated by org.testng.reporters.JUnitReportReporter -->
<testsuite name="com.epam.pages.test.GmailTest" tests="2" time="0.002" ignored="8" failures="0" timestamp="12 Feb 2019 12:59:20 GMT" skipped="1" hostname="EPINHYDW0064" errors="1">
  <testcase name="logOuttest" time="0.002" classname="com.epam.pages.test.GmailTest">
    <skipped/>
  </testcase> <!-- logOuttest -->
  <testcase name="setup" time="0.000" classname="com.epam.pages.test.GmailTest">
    <error type="java.lang.NoClassDefFoundError" message="org/openqa/selenium/interactions/internal/Locatable">
      <![CDATA[java.lang.NoClassDefFoundError: org/openqa/selenium/interactions/internal/Locatable
	at org.openqa.selenium.support.pagefactory.DefaultFieldDecorator.proxyForLocator(DefaultFieldDecorator.java:101)
	at org.openqa.selenium.support.pagefactory.DefaultFieldDecorator.decorate(DefaultFieldDecorator.java:62)
	at org.openqa.selenium.support.PageFactory.proxyFields(PageFactory.java:113)
	at org.openqa.selenium.support.PageFactory.initElements(PageFactory.java:105)
	at org.openqa.selenium.support.PageFactory.initElements(PageFactory.java:92)
	at org.openqa.selenium.support.PageFactory.initElements(PageFactory.java:79)
	at com.epam.app.pages.LoginPage.<init>(LoginPage.java:31)
	at com.epam.pages.test.ConfigurationTest.setup(ConfigurationTest.java:27)
	at sun.reflect.NativeMethodAccessorImpl.invoke0(Native Method)
	at sun.reflect.NativeMethodAccessorImpl.invoke(NativeMethodAccessorImpl.java:62)
	at sun.reflect.DelegatingMethodAccessorImpl.invoke(DelegatingMethodAccessorImpl.java:43)
	at java.lang.reflect.Method.invoke(Method.java:498)
	at org.testng.internal.MethodInvocationHelper.invokeMethod(MethodInvocationHelper.java:104)
	at org.testng.internal.Invoker.invokeConfigurationMethod(Invoker.java:515)
	at org.testng.internal.Invoker.invokeConfigurations(Invoker.java:217)
	at org.testng.internal.Invoker.invokeConfigurations(Invoker.java:144)
	at org.testng.internal.TestMethodWorker.invokeBeforeClassMethods(TestMethodWorker.java:169)
	at org.testng.internal.TestMethodWorker.run(TestMethodWorker.java:108)
	at org.testng.TestRunner.privateRun(TestRunner.java:756)
	at org.testng.TestRunner.run(TestRunner.java:610)
	at org.testng.SuiteRunner.runTest(SuiteRunner.java:387)
	at org.testng.SuiteRunner.runSequentially(SuiteRunner.java:382)
	at org.testng.SuiteRunner.privateRun(SuiteRunner.java:340)
	at org.testng.SuiteRunner.run(SuiteRunner.java:289)
	at org.testng.SuiteRunnerWorker.runSuite(SuiteRunnerWorker.java:52)
	at org.testng.SuiteRunnerWorker.run(SuiteRunnerWorker.java:86)
	at org.testng.TestNG.runSuitesSequentially(TestNG.java:1293)
	at org.testng.TestNG.runSuitesLocally(TestNG.java:1218)
	at org.testng.TestNG.runSuites(TestNG.java:1133)
	at org.testng.TestNG.run(TestNG.java:1104)
	at org.testng.remote.AbstractRemoteTestNG.run(AbstractRemoteTestNG.java:132)
	at org.testng.remote.RemoteTestNG.initAndRun(RemoteTestNG.java:230)
	at org.testng.remote.RemoteTestNG.main(RemoteTestNG.java:76)
Caused by: java.lang.ClassNotFoundException: org.openqa.selenium.interactions.internal.Locatable
	at java.net.URLClassLoader.findClass(URLClassLoader.java:381)
	at java.lang.ClassLoader.loadClass(ClassLoader.java:424)
	at sun.misc.Launcher$AppClassLoader.loadClass(Launcher.java:335)
	at java.lang.ClassLoader.loadClass(ClassLoader.java:357)
	... 33 more
]]>
    </error>
  </testcase> <!-- setup -->
  <testcase name="composeAndDraftMailTest" classname="com.epam.pages.test.GmailTest">
    <skipped/>
  </testcase> <!-- composeAndDraftMailTest -->
  <testcase name="loginTest" classname="com.epam.pages.test.GmailTest">
    <skipped/>
  </testcase> <!-- loginTest -->
  <testcase name="verifyDraftSubject" classname="com.epam.pages.test.GmailTest">
    <skipped/>
  </testcase> <!-- verifyDraftSubject -->
  <testcase name="sendDraftTest" classname="com.epam.pages.test.GmailTest">
    <skipped/>
  </testcase> <!-- sendDraftTest -->
  <testcase name="verifyDraftRecipient" classname="com.epam.pages.test.GmailTest">
    <skipped/>
  </testcase> <!-- verifyDraftRecipient -->
  <testcase name="launchAppTest" classname="com.epam.pages.test.GmailTest">
    <skipped/>
  </testcase> <!-- launchAppTest -->
  <testcase name="verifyDraftBody" classname="com.epam.pages.test.GmailTest">
    <skipped/>
  </testcase> <!-- verifyDraftBody -->
  <testcase name="sentMailTest" classname="com.epam.pages.test.GmailTest">
    <skipped/>
  </testcase> <!-- sentMailTest -->
</testsuite> <!-- com.epam.pages.test.GmailTest -->
